{"level":"info","message":"GET: Auth Called: ","service":"serviq-saas","timestamp":"2026-01-14T22:54:19.629Z"}
{"level":"info","message":"GET: Auth Called: ","service":"serviq-saas","timestamp":"2026-01-14T22:54:20.561Z"}
{"level":"info","message":"GET: Auth Called: ","service":"serviq-saas","timestamp":"2026-01-14T22:55:18.529Z"}
{"level":"info","message":"GET: Auth Called: ","service":"serviq-saas","timestamp":"2026-01-14T22:55:19.021Z"}
{"level":"info","message":"GET: Auth Called: ","service":"serviq-saas","timestamp":"2026-01-14T22:55:58.522Z"}
{"level":"info","message":"GET: Auth Called: ","service":"serviq-saas","timestamp":"2026-01-14T22:55:58.847Z"}
{"URL":"http://localhost:3000/api/auth/callback?code=XgqpoGqw4AhDJkBvdWgCVC60lvtzW0qgrrOG2F01gnQqCkzf5YI&state=df383c908cf1eba20696549230d5d2b6","body":null,"level":"info","message":"GET: /auth/callback called: ","service":"serviq-saas","timestamp":"2026-01-14T22:56:12.159Z"}
{"level":"info","message":"Authorization Func Called:","service":"serviq-saas","timestamp":"2026-01-15T07:44:44.499Z"}
{"level":"info","message":"Authorization Func Called:","service":"serviq-saas","timestamp":"2026-01-15T07:44:59.010Z"}
{"level":"info","message":"Authorization Func Called:","service":"serviq-saas","timestamp":"2026-01-15T08:04:39.422Z"}
{"level":"info","message":"Authorization Func Called:","service":"serviq-saas","timestamp":"2026-01-15T08:04:39.526Z"}
{"level":"info","message":"Authorization Func Called:","service":"serviq-saas","timestamp":"2026-01-15T08:36:21.426Z"}
{"level":"info","message":"Authorization Func Called:","service":"serviq-saas","timestamp":"2026-01-15T08:39:30.648Z"}
{"level":"info","message":"Authorization Func Called:","service":"serviq-saas","timestamp":"2026-01-15T08:41:35.594Z"}
{"level":"info","message":"Authorization Func Called:","service":"serviq-saas","timestamp":"2026-01-15T08:44:18.337Z"}
{"level":"info","message":"Authorization Func Called:","service":"serviq-saas","timestamp":"2026-01-15T08:45:47.070Z"}
{"level":"info","message":"Authorization Func Called:","service":"serviq-saas","timestamp":"2026-01-15T08:46:43.562Z"}
{"level":"info","message":"Authorization Func Called:","service":"serviq-saas","timestamp":"2026-01-15T08:47:21.195Z"}
{"level":"info","message":"Authorization Func Called:","service":"serviq-saas","timestamp":"2026-01-15T08:47:31.122Z"}
{"level":"info","message":"Authorization Func Called:","service":"serviq-saas","timestamp":"2026-01-15T08:48:13.855Z"}
{"level":"info","message":"Authorization Func Called:","service":"serviq-saas","timestamp":"2026-01-15T08:48:18.619Z"}
{"level":"info","message":"Authorization Func Called:","service":"serviq-saas","timestamp":"2026-01-15T08:48:38.581Z"}
{"level":"info","message":"Authorization Func Called:","service":"serviq-saas","timestamp":"2026-01-15T08:49:05.936Z"}
{"level":"info","message":"Authorization Func Called:","service":"serviq-saas","timestamp":"2026-01-15T08:51:56.454Z"}
{"level":"info","message":"Authorization Func Called:","service":"serviq-saas","timestamp":"2026-01-15T08:52:53.459Z"}
{"level":"info","message":"Authorization Func Called:","service":"serviq-saas","timestamp":"2026-01-15T08:53:13.753Z"}
{"level":"info","message":"Authorization Func Called:","service":"serviq-saas","timestamp":"2026-01-15T08:53:29.423Z"}
{"level":"info","message":"Authorization Func Called:","service":"serviq-saas","timestamp":"2026-01-15T08:59:41.254Z"}
{"level":"info","message":"Authorization Func Called:","service":"serviq-saas","timestamp":"2026-01-15T09:02:41.476Z"}
{"level":"info","message":"Authorization Func Called:","service":"serviq-saas","timestamp":"2026-01-15T09:05:14.385Z"}
{"level":"info","message":"Authorization Func Called:","service":"serviq-saas","timestamp":"2026-01-16T10:14:25.906Z"}
{"level":"info","message":"GET: Auth Called: ","service":"serviq-saas","timestamp":"2026-01-16T10:14:35.462Z"}
{"level":"info","message":"GET: Auth Called: ","service":"serviq-saas","timestamp":"2026-01-16T10:14:36.743Z"}
{"URL":"http://localhost:3000/api/auth/callback?code=N6b7n1dE6U93kVKS7UHD_wQY8v7QxXxY40rBrv73N_3qdxuHPj0&state=acc3c7de80e62444e5c73a89af3890f6","body":null,"level":"info","message":"GET: /auth/callback called: ","service":"serviq-saas","timestamp":"2026-01-16T10:14:37.827Z"}
{"level":"info","message":"Authorization Func Called:","service":"serviq-saas","timestamp":"2026-01-16T10:14:40.274Z"}
{"level":"info","message":"Authorization Func Called:","service":"serviq-saas","timestamp":"2026-01-16T18:35:25.695Z"}
{"level":"info","message":"Authorization Func Called:","service":"serviq-saas","timestamp":"2026-01-16T18:35:30.172Z"}
{"level":"info","message":"Authorization Func Called:","service":"serviq-saas","timestamp":"2026-01-16T18:40:45.438Z"}
{"level":"info","message":"Authorization Func Called:","service":"serviq-saas","timestamp":"2026-01-16T19:35:05.337Z"}
{"error":{"clientVersion":"5.22.0","code":"P2022","meta":{"column":"metadata.userEmail","modelName":"Metadata"},"name":"PrismaClientKnownRequestError"},"level":"error","message":"Failed To Fetch MetaData","service":"serviq-saas","timestamp":"2026-01-16T19:35:05.804Z"}
{"level":"info","message":"Authorization Func Called:","service":"serviq-saas","timestamp":"2026-01-16T19:35:34.065Z"}
{"level":"info","message":"Authorization Func Called:","service":"serviq-saas","timestamp":"2026-01-16T19:36:27.782Z"}
{"level":"info","message":"Authorization Func Called:","service":"serviq-saas","timestamp":"2026-01-16T19:36:41.238Z"}
{"level":"info","message":"GET: Auth Called: ","service":"serviq-saas","timestamp":"2026-01-16T19:36:44.354Z"}
{"level":"info","message":"GET: Auth Called: ","service":"serviq-saas","timestamp":"2026-01-16T19:36:46.559Z"}
{"URL":"http://localhost:3000/api/auth/callback?code=QuJ5DM5xprlaZvXmQcpaTliNPkyS3y55DdYI1t6BhLjiD_OsF4c&state=46153a4826b9a1cb3efb051d5b815d53","body":null,"level":"info","message":"GET: /auth/callback called: ","service":"serviq-saas","timestamp":"2026-01-16T19:37:03.972Z"}
{"error":{"clientVersion":"5.22.0","code":"P2022","meta":{"column":"user.organizationId","modelName":"User"},"name":"PrismaClientKnownRequestError"},"level":"error","message":"GET: /auth/callback error: ","service":"serviq-saas","timestamp":"2026-01-16T19:37:05.353Z"}
{"level":"info","message":"Authorization Func Called:","service":"serviq-saas","timestamp":"2026-01-16T19:41:41.517Z"}
{"level":"info","message":"GET: Auth Called: ","service":"serviq-saas","timestamp":"2026-01-16T19:41:44.238Z"}
{"level":"info","message":"GET: Auth Called: ","service":"serviq-saas","timestamp":"2026-01-16T19:41:46.797Z"}
{"URL":"http://localhost:3000/api/auth/callback?code=ZwwRJD_qCe9H0ejUIQ0JuQ37rcQs7KdS5v-fQJDEYt-eAXDAKXk&state=0282f5f7b739233a58a94b7071ecb379","body":null,"level":"info","message":"GET: /auth/callback called: ","service":"serviq-saas","timestamp":"2026-01-16T19:41:57.401Z"}
{"level":"info","message":"Authorization Func Called:","service":"serviq-saas","timestamp":"2026-01-16T19:41:59.237Z"}
{"level":"info","message":"Authorization Func Called:","service":"serviq-saas","timestamp":"2026-01-16T19:42:18.842Z"}
{"level":"info","message":"Authorization Func Called:","service":"serviq-saas","timestamp":"2026-01-16T19:42:18.849Z"}
{"level":"info","message":"Authorization Func Called:","service":"serviq-saas","timestamp":"2026-01-16T19:43:04.787Z"}
{"level":"info","message":"Authorization Func Called:","service":"serviq-saas","timestamp":"2026-01-16T19:43:05.741Z"}
{"level":"info","message":"Authorization Func Called:","service":"serviq-saas","timestamp":"2026-01-16T19:47:31.876Z"}
{"level":"info","message":"Authorization Func Called:","service":"serviq-saas","timestamp":"2026-01-16T19:47:34.161Z"}
{"level":"info","message":"Authorization Func Called:","service":"serviq-saas","timestamp":"2026-01-16T19:47:36.234Z"}
{"level":"info","message":"Authorization Func Called:","service":"serviq-saas","timestamp":"2026-01-16T19:47:36.247Z"}
{"level":"info","message":"Authorization Func Called:","service":"serviq-saas","timestamp":"2026-01-16T19:50:00.204Z"}
{"level":"info","message":"Authorization Func Called:","service":"serviq-saas","timestamp":"2026-01-16T19:50:00.217Z"}
{"level":"info","message":"Authorization Func Called:","service":"serviq-saas","timestamp":"2026-01-16T19:52:14.820Z"}
{"level":"info","message":"Authorization Func Called:","service":"serviq-saas","timestamp":"2026-01-16T19:52:28.771Z"}
{"level":"info","message":"Authorization Func Called:","service":"serviq-saas","timestamp":"2026-01-16T20:10:00.957Z"}
{"level":"info","message":"Authorization Func Called:","service":"serviq-saas","timestamp":"2026-01-16T20:32:59.652Z"}
{"level":"info","message":"Authorization Func Called:","service":"serviq-saas","timestamp":"2026-01-16T20:33:17.746Z"}
{"level":"info","message":"Authorization Func Called:","service":"serviq-saas","timestamp":"2026-01-16T20:43:39.073Z"}
{"level":"info","message":"Authorization Func Called:","service":"serviq-saas","timestamp":"2026-01-16T21:14:45.429Z"}
{"level":"info","message":"Authorization Func Called:","service":"serviq-saas","timestamp":"2026-01-16T21:17:35.066Z"}
{"level":"info","message":"Authorization Func Called:","service":"serviq-saas","timestamp":"2026-01-16T21:20:19.009Z"}
{"level":"info","message":"Authorization Func Called:","service":"serviq-saas","timestamp":"2026-01-16T21:29:00.290Z"}
{"level":"info","message":"Authorization Func Called:","service":"serviq-saas","timestamp":"2026-01-16T21:32:51.627Z"}
{"level":"info","message":"Authorization Func Called:","service":"serviq-saas","timestamp":"2026-01-16T21:41:17.286Z"}
{"level":"info","message":"Authorization Func Called:","service":"serviq-saas","timestamp":"2026-01-16T21:46:08.543Z"}
